2020-05-19 01:16:19,194:INFO:
=======
models:Attention_UNet,
epoch:21,
batch size:1
dataset:liver
========
2020-05-19 01:17:03,175:INFO:
=======
models:Attention_UNet,
epoch:21,
batch size:1
dataset:liver
========
2020-05-19 01:18:49,254:INFO:
=======
models:Attention_UNet,
epoch:21,
batch size:1
dataset:liver
========
2020-05-19 01:18:49,572:INFO:Epoch 0/20
2020-05-19 01:18:49,606:DEBUG:STREAM b'IHDR' 16 13
2020-05-19 01:18:49,606:DEBUG:STREAM b'IDAT' 41 65536
2020-05-19 01:18:49,607:DEBUG:STREAM b'IHDR' 16 13
2020-05-19 01:18:49,607:DEBUG:STREAM b'IDAT' 41 2510
